<?xml version="1.0" encoding="UTF-8"?>
<!-- Generated by org.testng.reporters.JUnitXMLReporter -->
<testsuite hostname="DLLA0940" ignored="1" name="Test" tests="3" failures="0" timestamp="21 May 2018 12:17:42 GMT" time="0.075" errors="0">
  <testcase name="testGroup1" time="0.017" classname="testngPractise.TestClass3"/>
  <testcase name="testGroup2" time="0.002" classname="testngPractise.TestClass3"/>
  <testcase name="testGroup3" time="0.003" classname="testngPractise.TestClass3"/>
  <testcase name="testGroup4" time="0.0" classname="testngPractise.TestClass3">
    <ignored/>
  </testcase> <!-- testGroup4 -->
</testsuite> <!-- Test -->
