<?xml version="1.0" encoding="UTF-8"?>
<testng-results skipped="0" failed="0" ignored="0" total="1" passed="1">
  <reporter-output>
  </reporter-output>
  <suite name="Default suite" duration-ms="44" started-at="2018-07-24T11:54:31Z" finished-at="2018-07-24T11:54:31Z">
    <groups>
    </groups>
    <test name="Default test" duration-ms="44" started-at="2018-07-24T11:54:31Z" finished-at="2018-07-24T11:54:31Z">
      <class name="testngPractise.ReverseWordsInString">
        <test-method status="PASS" signature="Reverse()[pri:0, instance:testngPractise.ReverseWordsInString@5f282abb]" name="Reverse" duration-ms="12" started-at="2018-07-24T11:54:31Z" finished-at="2018-07-24T11:54:31Z">
          <reporter-output>
          </reporter-output>
        </test-method> <!-- Reverse -->
      </class> <!-- testngPractise.ReverseWordsInString -->
    </test> <!-- Default test -->
  </suite> <!-- Default suite -->
</testng-results>
