<?xml version="1.0" encoding="UTF-8"?>
<testng-results skipped="0" failed="0" ignored="0" total="1" passed="1">
  <reporter-output>
  </reporter-output>
  <suite name="Default suite" duration-ms="52229" started-at="2018-06-08T08:37:40Z" finished-at="2018-06-08T08:38:32Z">
    <groups>
    </groups>
    <test name="Default test" duration-ms="52229" started-at="2018-06-08T08:37:40Z" finished-at="2018-06-08T08:38:32Z">
      <class name="testngPractise.Katespade_Register">
        <test-method status="PASS" signature="register()[pri:0, instance:testngPractise.Katespade_Register@4b1c1ea0]" name="register" duration-ms="52195" started-at="2018-06-08T08:37:40Z" finished-at="2018-06-08T08:38:32Z">
          <reporter-output>
          </reporter-output>
        </test-method> <!-- register -->
      </class> <!-- testngPractise.Katespade_Register -->
    </test> <!-- Default test -->
  </suite> <!-- Default suite -->
</testng-results>
